----------------------------------------------------
Inicio del Gestor de Copias de Seguridad - Mon, May 26, 2025  8:32:48 PM
----------------------------------------------------
[2025-05-26 20:32:48] - Error: Número incorrecto de parámetros.
Uso: ./backup_manager.sh <directorio_origen> <directorio_destino> <patron_archivo> [profundidad_maxima]
Ejemplo: ./backup_manager.sh "/home/usuario/documentos" "/mnt/backup/docs" "*.txt" 2
----------------------------------------------------
Inicio del Gestor de Copias de Seguridad - Mon, May 26, 2025  8:36:15 PM
----------------------------------------------------
[2025-05-26 20:36:15] - Error: Número incorrecto de parámetros.
Uso: ./backup_manager.sh <directorio_origen> <directorio_destino> <patron_archivo> [profundidad_maxima]
Ejemplo: ./backup_manager.sh "/home/usuario/documentos" "/mnt/backup/docs" "*.txt" 2
----------------------------------------------------
Inicio del Gestor de Copias de Seguridad - Mon, May 26, 2025  8:36:33 PM
----------------------------------------------------
[2025-05-26 20:36:33] - Error: Número incorrecto de parámetros.
Uso: ./backup_manager.sh <directorio_origen> <directorio_destino> <patron_archivo> [profundidad_maxima]
Ejemplo: ./backup_manager.sh "/home/usuario/documentos" "/mnt/backup/docs" "*.txt" 2
----------------------------------------------------
Inicio del Gestor de Copias de Seguridad - Mon, May 26, 2025  8:36:48 PM
----------------------------------------------------
[2025-05-26 20:36:48] - Directorio Origen: .
[2025-05-26 20:36:48] - Directorio Destino: backup_linux/
[2025-05-26 20:36:49] - Patrón de Archivo: *.pdf
[2025-05-26 20:36:49] - Profundidad Máxima de Búsqueda: 2
[2025-05-26 20:36:49] - Validaciones de directorios completadas.
[2025-05-26 20:36:49] - Directorio para esta copia: backup_linux//backup_20250526_203649
[2025-05-26 20:36:49] - Iniciando búsqueda de archivos...
[2025-05-26 20:36:49] - Procesando archivo: './Capítulo I-Mendieta Ashly.pdf' (Tamaño: 72K)
[2025-05-26 20:36:50] -   Éxito: Comprimido a 'backup_linux//backup_20250526_203649/Capítulo I-Mendieta Ashly.pdf.tar.gz' (Tamaño: 56K)
[2025-05-26 20:36:50] - Procesando archivo: './Caso de Estudio #1.pdf' (Tamaño: 344K)
[2025-05-26 20:36:50] -   Éxito: Comprimido a 'backup_linux//backup_20250526_203649/Caso de Estudio #1.pdf.tar.gz' (Tamaño: 316K)
[2025-05-26 20:36:50] - Procesando archivo: './Horario.pdf' (Tamaño: 80K)
[2025-05-26 20:36:50] -   Éxito: Comprimido a 'backup_linux//backup_20250526_203649/Horario.pdf.tar.gz' (Tamaño: 68K)
[2025-05-26 20:36:51] - Procesando archivo: './INGLES.pdf' (Tamaño: 324K)
[2025-05-26 20:36:51] -   Éxito: Comprimido a 'backup_linux//backup_20250526_203649/INGLES.pdf.tar.gz' (Tamaño: 256K)
[2025-05-26 20:36:51] - Procesando archivo: './LAB2_aly.pdf' (Tamaño: 1.2M)
[2025-05-26 20:36:51] -   Éxito: Comprimido a 'backup_linux//backup_20250526_203649/LAB2_aly.pdf.tar.gz' (Tamaño: 1.1M)
[2025-05-26 20:36:51] - Búsqueda y procesamiento de archivos completados.
[2025-05-26 20:36:51] - --- RESUMEN DE LA OPERACIÓN ---
[2025-05-26 20:36:51] - No se encontraron archivos que coincidan con el patrón '*.pdf' en '.' hasta la profundidad 2.
[2025-05-26 20:36:51] - Log completo disponible en: backup_manager_ubuntu.log
----------------------------------------------------
Fin del Gestor de Copias de Seguridad - Mon, May 26, 2025  8:36:52 PM
----------------------------------------------------
